<?xml version="1.0" encoding="UTF-8"?>
<!-- Generated by org.testng.reporters.JUnitXMLReporter -->
<testsuite hostname="Vardhmans-MacBook-Pro.local" name="App CashOut Test" tests="4" failures="0" timestamp="7 Feb 2019 18:37:57 GMT" time="17.397" errors="0">
  <testcase name="signupWithGmail" time="4.396" classname="testcases.app.LoginTest"/>
  <testcase name="triviaClick" time="9.379" classname="testcases.app.GameListingTest"/>
  <testcase name="tapCashout" time="1.213" classname="testcases.app.GameDashBoardTest"/>
  <testcase name="cashOutClickTest" time="2.235" classname="testcases.app.CashOutTest"/>
</testsuite> <!-- App CashOut Test -->
