<?xml version="1.0" encoding="UTF-8"?>
<!-- Generated by org.testng.reporters.JUnitXMLReporter -->
<testsuite hostname="Vardhmans-MacBook-Pro.local" name="Cashout Text Test" tests="4" failures="0" timestamp="7 Feb 2019 18:39:40 GMT" time="8.516" errors="0">
  <testcase name="signupWithGmail" time="4.247" classname="testcases.app.LoginTest"/>
  <testcase name="triviaClick" time="1.766" classname="testcases.app.GameListingTest"/>
  <testcase name="tapCashout" time="1.257" classname="testcases.app.GameDashBoardTest"/>
  <testcase name="verifyCashOutScreenText" time="0.575" classname="testcases.app.CashOutTest"/>
</testsuite> <!-- Cashout Text Test -->
